<?xml version="1.0" encoding="UTF-8"?>
<testng-results ignored="0" total="2" passed="2" failed="0" skipped="0">
  <reporter-output>
  </reporter-output>
  <suite started-at="2022-10-23T03:30:58 PDT" name="Default suite" finished-at="2022-10-23T03:31:29 PDT" duration-ms="31101">
    <groups>
    </groups>
    <test started-at="2022-10-23T03:30:58 PDT" name="Default test" finished-at="2022-10-23T03:31:29 PDT" duration-ms="31101">
      <class name="com.GarageDoors.garageDoors">
        <test-method is-config="true" signature="Browser()[pri:0, instance:com.GarageDoors.garageDoors@2b662a77]" started-at="2022-10-23T03:30:09 PDT" name="Browser" finished-at="2022-10-23T03:30:58 PDT" duration-ms="49147" status="PASS">
          <reporter-output>
          </reporter-output>
        </test-method> <!-- Browser -->
        <test-method signature="titleNacceptCook()[pri:1, instance:com.GarageDoors.garageDoors@2b662a77]" started-at="2022-10-23T03:30:58 PDT" name="titleNacceptCook" finished-at="2022-10-23T03:31:01 PDT" duration-ms="2561" status="PASS">
          <reporter-output>
          </reporter-output>
        </test-method> <!-- titleNacceptCook -->
        <test-method signature="NavMatch()[pri:2, instance:com.GarageDoors.garageDoors@2b662a77]" started-at="2022-10-23T03:31:01 PDT" name="NavMatch" finished-at="2022-10-23T03:31:29 PDT" duration-ms="28301" status="PASS">
          <reporter-output>
          </reporter-output>
        </test-method> <!-- NavMatch -->
        <test-method is-config="true" signature="tearDown()[pri:0, instance:com.GarageDoors.garageDoors@2b662a77]" started-at="2022-10-23T03:31:30 PDT" name="tearDown" finished-at="2022-10-23T03:31:30 PDT" duration-ms="549" status="PASS">
          <reporter-output>
          </reporter-output>
        </test-method> <!-- tearDown -->
      </class> <!-- com.GarageDoors.garageDoors -->
    </test> <!-- Default test -->
  </suite> <!-- Default suite -->
</testng-results>
